<?xml version="1.0" encoding="UTF-8"?>
<coverage generated="1647998933">
  <project timestamp="1647998933">
    <file name="/home/ron/PhpstormProjects/laravel-sms/src/Contracts/Factory.php">
      <metrics loc="11" ncloc="11" classes="0" methods="0" coveredmethods="0" conditionals="0" coveredconditionals="0" statements="0" coveredstatements="0" elements="0" coveredelements="0"/>
    </file>
    <file name="/home/ron/PhpstormProjects/laravel-sms/src/Contracts/Provider.php">
      <metrics loc="15" ncloc="15" classes="0" methods="0" coveredmethods="0" conditionals="0" coveredconditionals="0" statements="0" coveredstatements="0" elements="0" coveredelements="0"/>
    </file>
    <file name="/home/ron/PhpstormProjects/laravel-sms/src/Contracts/ProviderFactory.php">
      <metrics loc="11" ncloc="11" classes="0" methods="0" coveredmethods="0" conditionals="0" coveredconditionals="0" statements="0" coveredstatements="0" elements="0" coveredelements="0"/>
    </file>
    <file name="/home/ron/PhpstormProjects/laravel-sms/src/Exceptions/NotImplemented.php">
      <class name="LaraPkg\LaravelSms\Exceptions\NotImplemented" namespace="global">
        <metrics complexity="0" methods="0" coveredmethods="0" conditionals="0" coveredconditionals="0" statements="0" coveredstatements="0" elements="0" coveredelements="0"/>
      </class>
      <metrics loc="12" ncloc="12" classes="0" methods="0" coveredmethods="0" conditionals="0" coveredconditionals="0" statements="0" coveredstatements="0" elements="0" coveredelements="0"/>
    </file>
    <file name="/home/ron/PhpstormProjects/laravel-sms/src/Exceptions/UnConfiguredDriver.php">
      <class name="LaraPkg\LaravelSms\Exceptions\UnConfiguredDriver" namespace="global">
        <metrics complexity="0" methods="0" coveredmethods="0" conditionals="0" coveredconditionals="0" statements="0" coveredstatements="0" elements="0" coveredelements="0"/>
      </class>
      <metrics loc="12" ncloc="12" classes="0" methods="0" coveredmethods="0" conditionals="0" coveredconditionals="0" statements="0" coveredstatements="0" elements="0" coveredelements="0"/>
    </file>
    <file name="/home/ron/PhpstormProjects/laravel-sms/src/Facades/Sms.php">
      <class name="LaraPkg\LaravelSms\Facades\Sms" namespace="global">
        <metrics complexity="1" methods="1" coveredmethods="1" conditionals="0" coveredconditionals="0" statements="1" coveredstatements="1" elements="2" coveredelements="2"/>
      </class>
      <line num="18" type="method" name="getFacadeAccessor" visibility="protected" complexity="1" crap="1" count="2"/>
      <line num="20" type="stmt" count="2"/>
      <metrics loc="23" ncloc="17" classes="1" methods="1" coveredmethods="1" conditionals="0" coveredconditionals="0" statements="1" coveredstatements="1" elements="2" coveredelements="2"/>
    </file>
    <file name="/home/ron/PhpstormProjects/laravel-sms/src/Factories/DummyFactory.php">
      <class name="LaraPkg\LaravelSms\Factories\DummyFactory" namespace="global">
        <metrics complexity="1" methods="1" coveredmethods="1" conditionals="0" coveredconditionals="0" statements="1" coveredstatements="1" elements="2" coveredelements="2"/>
      </class>
      <line num="21" type="method" name="createDriver" visibility="public" complexity="1" crap="1" count="3"/>
      <line num="23" type="stmt" count="3"/>
      <metrics loc="26" ncloc="21" classes="1" methods="1" coveredmethods="1" conditionals="0" coveredconditionals="0" statements="1" coveredstatements="1" elements="2" coveredelements="2"/>
    </file>
    <file name="/home/ron/PhpstormProjects/laravel-sms/src/LaravelSmsServiceProvider.php">
      <class name="LaraPkg\LaravelSms\LaravelSmsServiceProvider" namespace="global">
        <metrics complexity="3" methods="3" coveredmethods="3" conditionals="0" coveredconditionals="0" statements="5" coveredstatements="5" elements="8" coveredelements="8"/>
      </class>
      <line num="14" type="method" name="register" visibility="public" complexity="1" crap="1" count="1"/>
      <line num="16" type="stmt" count="1"/>
      <line num="18" type="stmt" count="1"/>
      <line num="23" type="method" name="boot" visibility="public" complexity="1" crap="1" count="1"/>
      <line num="25" type="stmt" count="1"/>
      <line num="26" type="stmt" count="1"/>
      <line num="30" type="method" name="getPackagePath" visibility="private" complexity="1" crap="1" count="2"/>
      <line num="32" type="stmt" count="2"/>
      <metrics loc="35" ncloc="35" classes="1" methods="3" coveredmethods="3" conditionals="0" coveredconditionals="0" statements="5" coveredstatements="5" elements="8" coveredelements="8"/>
    </file>
    <file name="/home/ron/PhpstormProjects/laravel-sms/src/Providers/DummyProvider.php">
      <class name="LaraPkg\LaravelSms\Providers\DummyProvider" namespace="global">
        <metrics complexity="3" methods="3" coveredmethods="3" conditionals="0" coveredconditionals="0" statements="5" coveredstatements="5" elements="8" coveredelements="8"/>
      </class>
      <line num="15" type="method" name="from" visibility="public" complexity="1" crap="1" count="1"/>
      <line num="17" type="stmt" count="1"/>
      <line num="19" type="stmt" count="1"/>
      <line num="22" type="method" name="destination" visibility="public" complexity="1" crap="1" count="1"/>
      <line num="24" type="stmt" count="1"/>
      <line num="26" type="stmt" count="1"/>
      <line num="32" type="method" name="send" visibility="public" complexity="1" crap="1" count="1"/>
      <line num="34" type="stmt" count="1"/>
      <metrics loc="37" ncloc="34" classes="1" methods="3" coveredmethods="3" conditionals="0" coveredconditionals="0" statements="5" coveredstatements="5" elements="8" coveredelements="8"/>
    </file>
    <file name="/home/ron/PhpstormProjects/laravel-sms/src/SmsManager.php">
      <class name="LaraPkg\LaravelSms\SmsManager" namespace="global">
        <metrics complexity="7" methods="5" coveredmethods="5" conditionals="0" coveredconditionals="0" statements="14" coveredstatements="14" elements="19" coveredelements="19"/>
      </class>
      <line num="30" type="method" name="driver" visibility="public" complexity="2" crap="2" count="1"/>
      <line num="32" type="stmt" count="1"/>
      <line num="34" type="stmt" count="1"/>
      <line num="36" type="stmt" count="1"/>
      <line num="37" type="stmt" count="1"/>
      <line num="38" type="stmt" count="1"/>
      <line num="41" type="stmt" count="1"/>
      <line num="44" type="method" name="getDefaultDriver" visibility="public" complexity="1" crap="1" count="1"/>
      <line num="46" type="stmt" count="1"/>
      <line num="52" type="method" name="createFactory" visibility="protected" complexity="1" crap="1" count="2"/>
      <line num="54" type="stmt" count="2"/>
      <line num="61" type="stmt" count="2"/>
      <line num="70" type="method" name="buildDriver" visibility="protected" complexity="1" crap="1" count="2"/>
      <line num="72" type="stmt" count="2"/>
      <line num="78" type="method" name="findConfiguredDriver" visibility="protected" complexity="2" crap="2" count="5"/>
      <line num="80" type="stmt" count="5"/>
      <line num="82" type="stmt" count="5"/>
      <line num="83" type="stmt" count="1"/>
      <line num="86" type="stmt" count="4"/>
      <metrics loc="89" ncloc="70" classes="1" methods="5" coveredmethods="5" conditionals="0" coveredconditionals="0" statements="14" coveredstatements="14" elements="19" coveredelements="19"/>
    </file>
    <metrics files="10" loc="271" ncloc="238" classes="5" methods="13" coveredmethods="13" conditionals="0" coveredconditionals="0" statements="26" coveredstatements="26" elements="39" coveredelements="39"/>
  </project>
</coverage>
